<?xml version="1.0" encoding="UTF-8"?>
<testng-results skipped="0" failed="0" ignored="0" total="1" passed="1">
  <reporter-output>
  </reporter-output>
  <suite name="Default suite" duration-ms="46938" started-at="2018-07-02T08:50:09Z" finished-at="2018-07-02T08:50:56Z">
    <groups>
    </groups>
    <test name="Default test" duration-ms="46938" started-at="2018-07-02T08:50:09Z" finished-at="2018-07-02T08:50:56Z">
      <class name="com.tsa.util.MyTest">
        <test-method status="PASS" signature="beforeClass()[pri:0, instance:com.tsa.util.MyTest@7e2d773b]" name="beforeClass" is-config="true" duration-ms="5164" started-at="2018-07-02T08:50:09Z" finished-at="2018-07-02T08:50:14Z">
          <reporter-output>
          </reporter-output>
        </test-method> <!-- beforeClass -->
        <test-method status="PASS" signature="test()[pri:0, instance:com.tsa.util.MyTest@7e2d773b]" name="test" duration-ms="41755" started-at="2018-07-02T08:50:14Z" finished-at="2018-07-02T08:50:56Z">
          <reporter-output>
          </reporter-output>
        </test-method> <!-- test -->
        <test-method status="PASS" signature="afterClass()[pri:0, instance:com.tsa.util.MyTest@7e2d773b]" name="afterClass" is-config="true" duration-ms="0" started-at="2018-07-02T08:50:56Z" finished-at="2018-07-02T08:50:56Z">
          <reporter-output>
          </reporter-output>
        </test-method> <!-- afterClass -->
      </class> <!-- com.tsa.util.MyTest -->
    </test> <!-- Default test -->
  </suite> <!-- Default suite -->
</testng-results>
